<?xml version="1.0" encoding="UTF-8"?>
<testng-results ignored="0" total="5" passed="4" failed="1" skipped="0">
  <reporter-output>
  </reporter-output>
  <suite started-at="2024-09-04T16:47:37 IST" name="Default suite" finished-at="2024-09-04T16:47:37 IST" duration-ms="185">
    <groups>
    </groups>
    <test started-at="2024-09-04T16:47:37 IST" name="Default test" finished-at="2024-09-04T16:47:37 IST" duration-ms="185">
      <class name="testng.Testngdemo">
        <test-method is-config="true" signature="setup()[pri:0, instance:testng.Testngdemo@4a83a74a]" started-at="2024-09-04T16:47:37 IST" name="setup" finished-at="2024-09-04T16:47:37 IST" duration-ms="18" status="PASS">
          <reporter-output>
          </reporter-output>
        </test-method> <!-- setup -->
        <test-method is-config="true" signature="urlloading()[pri:0, instance:testng.Testngdemo@4a83a74a]" started-at="2024-09-04T16:47:37 IST" name="urlloading" finished-at="2024-09-04T16:47:37 IST" duration-ms="1" status="PASS">
          <reporter-output>
          </reporter-output>
        </test-method> <!-- urlloading -->
        <test-method signature="test()[pri:2, instance:testng.Testngdemo@4a83a74a]" started-at="2024-09-04T16:47:37 IST" name="test" finished-at="2024-09-04T16:47:37 IST" duration-ms="11" status="PASS">
          <reporter-output>
          </reporter-output>
        </test-method> <!-- test -->
        <test-method is-config="true" signature="aftermthd()[pri:0, instance:testng.Testngdemo@4a83a74a]" started-at="2024-09-04T16:47:37 IST" name="aftermthd" finished-at="2024-09-04T16:47:37 IST" duration-ms="2" status="PASS">
          <reporter-output>
          </reporter-output>
        </test-method> <!-- aftermthd -->
        <test-method is-config="true" signature="urlloading()[pri:0, instance:testng.Testngdemo@4a83a74a]" started-at="2024-09-04T16:47:37 IST" name="urlloading" finished-at="2024-09-04T16:47:37 IST" duration-ms="3" status="PASS">
          <reporter-output>
          </reporter-output>
        </test-method> <!-- urlloading -->
        <test-method signature="test2()[pri:3, instance:testng.Testngdemo@4a83a74a]" started-at="2024-09-04T16:47:37 IST" name="test2" finished-at="2024-09-04T16:47:37 IST" duration-ms="4" status="FAIL">
          <exception class="java.lang.Error">
            <message>
              <![CDATA[Unresolved compilation problem: 
Type mismatch: cannot convert from int to String[]
]]>
            </message>
            <full-stacktrace>
              <![CDATA[java.lang.Error: Unresolved compilation problem: 
Type mismatch: cannot convert from int to String[]

at testng.Testngdemo.test2(Testngdemo.java:30)
at java.base/jdk.internal.reflect.NativeMethodAccessorImpl.invoke0(Native Method)
at java.base/jdk.internal.reflect.NativeMethodAccessorImpl.invoke(NativeMethodAccessorImpl.java:77)
at java.base/jdk.internal.reflect.DelegatingMethodAccessorImpl.invoke(DelegatingMethodAccessorImpl.java:43)
at java.base/java.lang.reflect.Method.invoke(Method.java:568)
at org.testng.internal.invokers.MethodInvocationHelper.invokeMethod(MethodInvocationHelper.java:139)
at org.testng.internal.invokers.TestInvoker.invokeMethod(TestInvoker.java:664)
at org.testng.internal.invokers.TestInvoker.invokeTestMethod(TestInvoker.java:227)
at org.testng.internal.invokers.MethodRunner.runInSequence(MethodRunner.java:50)
at org.testng.internal.invokers.TestInvoker$MethodInvocationAgent.invoke(TestInvoker.java:957)
at org.testng.internal.invokers.TestInvoker.invokeTestMethods(TestInvoker.java:200)
at org.testng.internal.invokers.TestMethodWorker.invokeTestMethods(TestMethodWorker.java:148)
at org.testng.internal.invokers.TestMethodWorker.run(TestMethodWorker.java:128)
at java.base/java.util.ArrayList.forEach(ArrayList.java:1511)
at org.testng.TestRunner.privateRun(TestRunner.java:848)
at org.testng.TestRunner.run(TestRunner.java:621)
at org.testng.SuiteRunner.runTest(SuiteRunner.java:443)
at org.testng.SuiteRunner.runSequentially(SuiteRunner.java:437)
at org.testng.SuiteRunner.privateRun(SuiteRunner.java:397)
at org.testng.SuiteRunner.run(SuiteRunner.java:336)
at org.testng.SuiteRunnerWorker.runSuite(SuiteRunnerWorker.java:52)
at org.testng.SuiteRunnerWorker.run(SuiteRunnerWorker.java:95)
at org.testng.TestNG.runSuitesSequentially(TestNG.java:1280)
at org.testng.TestNG.runSuitesLocally(TestNG.java:1200)
at org.testng.TestNG.runSuites(TestNG.java:1114)
at org.testng.TestNG.run(TestNG.java:1082)
at org.testng.remote.AbstractRemoteTestNG.run(AbstractRemoteTestNG.java:115)
at org.testng.remote.RemoteTestNG.initAndRun(RemoteTestNG.java:251)
at org.testng.remote.RemoteTestNG.main(RemoteTestNG.java:77)
]]>
            </full-stacktrace>
          </exception> <!-- java.lang.Error -->
          <reporter-output>
          </reporter-output>
        </test-method> <!-- test2 -->
        <test-method is-config="true" signature="aftermthd()[pri:0, instance:testng.Testngdemo@4a83a74a]" started-at="2024-09-04T16:47:37 IST" name="aftermthd" finished-at="2024-09-04T16:47:37 IST" duration-ms="2" status="PASS">
          <reporter-output>
          </reporter-output>
        </test-method> <!-- aftermthd -->
        <test-method is-config="true" signature="urlloading()[pri:0, instance:testng.Testngdemo@4a83a74a]" started-at="2024-09-04T16:47:37 IST" name="urlloading" finished-at="2024-09-04T16:47:37 IST" duration-ms="0" status="PASS">
          <reporter-output>
          </reporter-output>
        </test-method> <!-- urlloading -->
        <test-method signature="test1()[pri:4, instance:testng.Testngdemo@4a83a74a]" started-at="2024-09-04T16:47:37 IST" name="test1" finished-at="2024-09-04T16:47:37 IST" duration-ms="8" status="PASS">
          <reporter-output>
          </reporter-output>
        </test-method> <!-- test1 -->
        <test-method is-config="true" signature="aftermthd()[pri:0, instance:testng.Testngdemo@4a83a74a]" started-at="2024-09-04T16:47:37 IST" name="aftermthd" finished-at="2024-09-04T16:47:37 IST" duration-ms="2" status="PASS">
          <reporter-output>
          </reporter-output>
        </test-method> <!-- aftermthd -->
        <test-method is-config="true" signature="urlloading()[pri:0, instance:testng.Testngdemo@4a83a74a]" started-at="2024-09-04T16:47:37 IST" name="urlloading" finished-at="2024-09-04T16:47:37 IST" duration-ms="1" status="PASS">
          <reporter-output>
          </reporter-output>
        </test-method> <!-- urlloading -->
        <test-method signature="test1()[pri:4, instance:testng.Testngdemo@4a83a74a]" started-at="2024-09-04T16:47:37 IST" name="test1" finished-at="2024-09-04T16:47:37 IST" duration-ms="4" status="PASS">
          <reporter-output>
          </reporter-output>
        </test-method> <!-- test1 -->
        <test-method is-config="true" signature="aftermthd()[pri:0, instance:testng.Testngdemo@4a83a74a]" started-at="2024-09-04T16:47:37 IST" name="aftermthd" finished-at="2024-09-04T16:47:37 IST" duration-ms="1" status="PASS">
          <reporter-output>
          </reporter-output>
        </test-method> <!-- aftermthd -->
        <test-method is-config="true" signature="urlloading()[pri:0, instance:testng.Testngdemo@4a83a74a]" started-at="2024-09-04T16:47:37 IST" name="urlloading" finished-at="2024-09-04T16:47:37 IST" duration-ms="1" status="PASS">
          <reporter-output>
          </reporter-output>
        </test-method> <!-- urlloading -->
        <test-method signature="test1()[pri:4, instance:testng.Testngdemo@4a83a74a]" started-at="2024-09-04T16:47:37 IST" name="test1" finished-at="2024-09-04T16:47:37 IST" duration-ms="3" status="PASS">
          <reporter-output>
          </reporter-output>
        </test-method> <!-- test1 -->
        <test-method is-config="true" signature="aftermthd()[pri:0, instance:testng.Testngdemo@4a83a74a]" started-at="2024-09-04T16:47:37 IST" name="aftermthd" finished-at="2024-09-04T16:47:37 IST" duration-ms="1" status="PASS">
          <reporter-output>
          </reporter-output>
        </test-method> <!-- aftermthd -->
        <test-method is-config="true" signature="aftertest()[pri:0, instance:testng.Testngdemo@4a83a74a]" started-at="2024-09-04T16:47:37 IST" name="aftertest" finished-at="2024-09-04T16:47:37 IST" duration-ms="1" status="PASS">
          <reporter-output>
          </reporter-output>
        </test-method> <!-- aftertest -->
      </class> <!-- testng.Testngdemo -->
    </test> <!-- Default test -->
  </suite> <!-- Default suite -->
</testng-results>
